<?xml version="1.0" encoding="UTF-8" ?>
<testsuite tests="8" failures="0" name="com.test.jacoco.test.HelloWorldTest" time="0.01" errors="0" skipped="0">
  <properties>
    <property name="idea.version" value="2018.2.3"/>
    <property name="java.runtime.name" value="Java(TM) SE Runtime Environment"/>
    <property name="sun.boot.library.path" value="D:\Program Files (x86)\Java\jdk1.8\jre\bin"/>
    <property name="java.vm.version" value="25.181-b13"/>
    <property name="java.vm.vendor" value="Oracle Corporation"/>
    <property name="maven.multiModuleProjectDirectory" value="E:\MyFiles\homework\Software_analysis\hw3\White-Box-Testing--master"/>
    <property name="java.vendor.url" value="http://java.oracle.com/"/>
    <property name="path.separator" value=";"/>
    <property name="guice.disable.misplaced.annotation.check" value="true"/>
    <property name="java.vm.name" value="Java HotSpot(TM) 64-Bit Server VM"/>
    <property name="file.encoding.pkg" value="sun.io"/>
    <property name="user.script" value=""/>
    <property name="user.country" value="CN"/>
    <property name="sun.java.launcher" value="SUN_STANDARD"/>
    <property name="sun.os.patch.level" value=""/>
    <property name="java.vm.specification.name" value="Java Virtual Machine Specification"/>
    <property name="user.dir" value="E:\MyFiles\homework\Software_analysis\hw3\White-Box-Testing--master"/>
    <property name="java.runtime.version" value="1.8.0_181-b13"/>
    <property name="java.awt.graphicsenv" value="sun.awt.Win32GraphicsEnvironment"/>
    <property name="java.endorsed.dirs" value="D:\Program Files (x86)\Java\jdk1.8\jre\lib\endorsed"/>
    <property name="os.arch" value="amd64"/>
    <property name="java.io.tmpdir" value="C:\Users\TQY\AppData\Local\Temp\"/>
    <property name="line.separator" value="
"/>
    <property name="java.vm.specification.vendor" value="Oracle Corporation"/>
    <property name="user.variant" value=""/>
    <property name="os.name" value="Windows 10"/>
    <property name="classworlds.conf" value="D:\Program Files (x86)\JetBrains\IntelliJ IDEA Community Edition 2018.2.3\plugins\maven\lib\maven3\bin\m2.conf"/>
    <property name="sun.jnu.encoding" value="GBK"/>
    <property name="java.library.path" value="D:\Program Files (x86)\Java\jdk1.8\bin;C:\Windows\Sun\Java\bin;C:\Windows\system32;C:\Windows;C:\Perl64\site\bin;C:\Perl64\bin;D:\Program Files (x86)\ActiveState Komodo IDE 11\;C:\Program Files\NVIDIA GPU Computing Toolkit\CUDA\v9.0;C:\Program Files\NVIDIA GPU Computing Toolkit\CUDA\v9.0\include;C:\Program Files\NVIDIA GPU Computing Toolkit\CUDA\v9.0\lib\x64;C:\Program Files\NVIDIA GPU Computing Toolkit\CUDA\v9.0\bin;C:\Program Files\NVIDIA GPU Computing Toolkit\CUDA\v9.0\libnvvp;D:\Program Files (x86)\Anaconda3;D:\Program Files (x86)\Anaconda3\Scripts;D:\Program Files (x86)\Anaconda3\Library\bin;D:\Other_Program\PCL 1.5.1\bin;D:\Other_Program\PCL 1.5.1\3rdParty\FLANN\bin;D:\Other_Program\PCL 1.5.1\3rdParty\Qhull\bin;D:\Other_Program\PCL 1.5.1\3rdParty\VTK\bin;D:\Other_Program\PCL 1.5.1\3rdParty\OpenNI2\Tools;D:\Other_Program\osg\OpenSceneGraphic\bin;D:\Other_Program\osg\OpenSceneGraphic\bin_1;D:\Other_Program\Qt\Qt5.6.3\5.6.3\msvc2015_64\bin;D:\Other_Program\MATLAB\2016a\runtime\win64;D:\Other_Program\MATLAB\2016a\bin;D:\Other_Program\MATLAB\2016a\polyspace\bin;C:\Windows\system32;C:\Windows;C:\Windows\System32\Wbem;C:\Windows\System32\WindowsPowerShell\v1.0\;C:\Windows\System32\OpenSSH\;D:\Program Files (x86)\Anaconda3\envs\tf2.0;D:\Program Files (x86)\Anaconda3\envs\tf2.0\Scripts;D:\Other_Program\TDM-GCC-64\bin;D:\Other_Program\Coq\bin;D:\Program Files (x86)\SciTools\bin\pc-win64;D:\Other_Program\LLVM\bin;E:\Install\wget-1.20.3-win64;D:\Other_Program\PuTTY\;D:\Other_Program\apache-maven-3.6.2\bin;D:\Program Files (x86)\Python\Python3.7\Scripts\;D:\Program Files (x86)\Python\Python3.7\;C:\Users\TQY\AppData\Local\Microsoft\WindowsApps;D:\Other_Program\osg\OpenSceneGraphic\bin;D:\Program Files (x86)\MySQL\MySQL Server 8.0\bin;D:\Other_Program\sqlite;D:\Other_Program\texlive\2019\bin\win32;."/>
    <property name="java.specification.name" value="Java Platform API Specification"/>
    <property name="java.class.version" value="52.0"/>
    <property name="sun.management.compiler" value="HotSpot 64-Bit Tiered Compilers"/>
    <property name="os.version" value="10.0"/>
    <property name="user.home" value="C:\Users\TQY"/>
    <property name="user.timezone" value="Asia/Shanghai"/>
    <property name="java.awt.printerjob" value="sun.awt.windows.WPrinterJob"/>
    <property name="java.specification.version" value="1.8"/>
    <property name="file.encoding" value="UTF-8"/>
    <property name="user.name" value="TQY"/>
    <property name="java.class.path" value="D:\Program Files (x86)\JetBrains\IntelliJ IDEA Community Edition 2018.2.3\plugins\maven\lib\maven3\boot\plexus-classworlds-2.5.2.jar;D:\Program Files (x86)\JetBrains\IntelliJ IDEA Community Edition 2018.2.3\lib\idea_rt.jar"/>
    <property name="java.vm.specification.version" value="1.8"/>
    <property name="sun.arch.data.model" value="64"/>
    <property name="java.home" value="D:\Program Files (x86)\Java\jdk1.8\jre"/>
    <property name="sun.java.command" value="org.codehaus.classworlds.Launcher -Didea.version=2018.2.3 test"/>
    <property name="java.specification.vendor" value="Oracle Corporation"/>
    <property name="user.language" value="zh"/>
    <property name="awt.toolkit" value="sun.awt.windows.WToolkit"/>
    <property name="java.vm.info" value="mixed mode"/>
    <property name="java.version" value="1.8.0_181"/>
    <property name="java.ext.dirs" value="D:\Program Files (x86)\Java\jdk1.8\jre\lib\ext;C:\Windows\Sun\Java\lib\ext"/>
    <property name="sun.boot.class.path" value="D:\Program Files (x86)\Java\jdk1.8\jre\lib\resources.jar;D:\Program Files (x86)\Java\jdk1.8\jre\lib\rt.jar;D:\Program Files (x86)\Java\jdk1.8\jre\lib\sunrsasign.jar;D:\Program Files (x86)\Java\jdk1.8\jre\lib\jsse.jar;D:\Program Files (x86)\Java\jdk1.8\jre\lib\jce.jar;D:\Program Files (x86)\Java\jdk1.8\jre\lib\charsets.jar;D:\Program Files (x86)\Java\jdk1.8\jre\lib\jfr.jar;D:\Program Files (x86)\Java\jdk1.8\jre\classes"/>
    <property name="java.vendor" value="Oracle Corporation"/>
    <property name="maven.home" value="D:\Program Files (x86)\JetBrains\IntelliJ IDEA Community Edition 2018.2.3\plugins\maven\lib\maven3"/>
    <property name="file.separator" value="\"/>
    <property name="java.vendor.url.bug" value="http://bugreport.sun.com/bugreport/"/>
    <property name="sun.cpu.endian" value="little"/>
    <property name="sun.io.unicode.encoding" value="UnicodeLittle"/>
    <property name="sun.desktop" value="windows"/>
    <property name="sun.cpu.isalist" value="amd64"/>
  </properties>
  <testcase classname="com.test.jacoco.test.HelloWorldTest" name="testBug" time="0.006"/>
  <testcase classname="com.test.jacoco.test.HelloWorldTest" name="testIsBirthday" time="0.001"/>
  <testcase classname="com.test.jacoco.test.HelloWorldTest" name="testIsTriangle" time="0"/>
  <testcase classname="com.test.jacoco.test.HelloWorldTest" name="testMethod1" time="0"/>
  <testcase classname="com.test.jacoco.test.HelloWorldTest" name="testMethod2" time="0"/>
  <testcase classname="com.test.jacoco.test.HelloWorldTest" name="testMethod3" time="0.003"/>
  <testcase classname="com.test.jacoco.test.HelloWorldTest" name="testMethod4" time="0"/>
  <testcase classname="com.test.jacoco.test.HelloWorldTest" name="testMiniCalculator" time="0"/>
</testsuite>